<?xml version="1.0" encoding="UTF-8"?>
<!-- Generated by org.testng.reporters.JUnitXMLReporter -->
<testsuite ignored="0" hostname="DESKTOP-ER4I9TE" failures="0" tests="3" name="Test" time="37.196" errors="0" timestamp="2022-12-29T13:23:54 IST">
  <testcase classname="com.automationscrpit.Testcase2" name="tc2" time="5.093"/>
  <testcase classname="com.automationscrpit.Testcase1" name="tc1" time="3.604"/>
  <testcase classname="com.automationscrpit.Testcase3" name="tc3" time="10.683"/>
</testsuite> <!-- Test -->
