<?xml version="1.0" encoding="UTF-8"?>
<testng-results ignored="0" total="1" passed="1" failed="0" skipped="0">
  <reporter-output>
  </reporter-output>
  <suite started-at="2023-01-01T16:46:01 IST" name="Default suite" finished-at="2023-01-01T16:46:22 IST" duration-ms="20959">
    <groups>
    </groups>
    <test started-at="2023-01-01T16:46:01 IST" name="Default test" finished-at="2023-01-01T16:46:22 IST" duration-ms="20959">
      <class name="com.automationscrpit.Testcase1">
        <test-method is-config="true" signature="openapp()[pri:0, instance:com.automationscrpit.Testcase1@793be5ca]" started-at="2023-01-01T16:46:01 IST" name="openapp" finished-at="2023-01-01T16:46:18 IST" duration-ms="16776" status="PASS">
          <reporter-output>
          </reporter-output>
        </test-method> <!-- openapp -->
        <test-method signature="tc1()[pri:0, instance:com.automationscrpit.Testcase1@793be5ca]" started-at="2023-01-01T16:46:18 IST" name="tc1" finished-at="2023-01-01T16:46:21 IST" duration-ms="3570" status="PASS">
          <reporter-output>
          </reporter-output>
        </test-method> <!-- tc1 -->
        <test-method is-config="true" signature="closeapp(org.testng.ITestResult)[pri:0, instance:com.automationscrpit.Testcase1@793be5ca]" started-at="2023-01-01T16:46:22 IST" name="closeapp" finished-at="2023-01-01T16:46:22 IST" duration-ms="231" status="PASS">
          <params>
            <param index="0">
              <value>
                <![CDATA[[TestResult name=tc1 status=SUCCESS method=Testcase1.tc1()[pri:0, instance:com.automationscrpit.Testcase1@793be5ca] output={null}]]]>
              </value>
            </param>
          </params>
          <reporter-output>
          </reporter-output>
        </test-method> <!-- closeapp -->
      </class> <!-- com.automationscrpit.Testcase1 -->
    </test> <!-- Default test -->
  </suite> <!-- Default suite -->
</testng-results>
