<?xml version="1.0" encoding="UTF-8"?>
<testng-results ignored="0" total="3" passed="3" failed="0" skipped="0">
  <reporter-output>
  </reporter-output>
  <suite started-at="2022-12-29T13:23:17 IST" name="Suite" finished-at="2022-12-29T13:23:54 IST" duration-ms="37196">
    <groups>
    </groups>
    <test started-at="2022-12-29T13:23:17 IST" name="Test" finished-at="2022-12-29T13:23:54 IST" duration-ms="37196">
      <class name="com.automationscrpit.Testcase1">
        <test-method is-config="true" signature="openapp()[pri:0, instance:com.automationscrpit.Testcase1@6283d8b8]" started-at="2022-12-29T13:23:27 IST" name="openapp" finished-at="2022-12-29T13:23:32 IST" duration-ms="4985" status="PASS">
          <reporter-output>
          </reporter-output>
        </test-method> <!-- openapp -->
        <test-method signature="tc1()[pri:0, instance:com.automationscrpit.Testcase1@6283d8b8]" started-at="2022-12-29T13:23:32 IST" name="tc1" finished-at="2022-12-29T13:23:35 IST" duration-ms="3604" status="PASS">
          <reporter-output>
          </reporter-output>
        </test-method> <!-- tc1 -->
        <test-method is-config="true" signature="closeapp(org.testng.ITestResult)[pri:0, instance:com.automationscrpit.Testcase1@6283d8b8]" started-at="2022-12-29T13:23:35 IST" name="closeapp" finished-at="2022-12-29T13:23:37 IST" duration-ms="1199" status="PASS">
          <params>
            <param index="0">
              <value>
                <![CDATA[[TestResult name=tc1 status=SUCCESS method=Testcase1.tc1()[pri:0, instance:com.automationscrpit.Testcase1@6283d8b8] output={null}]]]>
              </value>
            </param>
          </params>
          <reporter-output>
          </reporter-output>
        </test-method> <!-- closeapp -->
      </class> <!-- com.automationscrpit.Testcase1 -->
      <class name="com.automationscrpit.Testcase2">
        <test-method is-config="true" signature="openapp()[pri:0, instance:com.automationscrpit.Testcase2@4de4b452]" started-at="2022-12-29T13:23:17 IST" name="openapp" finished-at="2022-12-29T13:23:22 IST" duration-ms="4382" status="PASS">
          <reporter-output>
          </reporter-output>
        </test-method> <!-- openapp -->
        <test-method signature="tc2()[pri:0, instance:com.automationscrpit.Testcase2@4de4b452]" started-at="2022-12-29T13:23:22 IST" name="tc2" finished-at="2022-12-29T13:23:27 IST" duration-ms="5093" status="PASS">
          <reporter-output>
          </reporter-output>
        </test-method> <!-- tc2 -->
        <test-method is-config="true" signature="closeapp(org.testng.ITestResult)[pri:0, instance:com.automationscrpit.Testcase2@4de4b452]" started-at="2022-12-29T13:23:27 IST" name="closeapp" finished-at="2022-12-29T13:23:27 IST" duration-ms="254" status="PASS">
          <params>
            <param index="0">
              <value>
                <![CDATA[[TestResult name=tc2 status=SUCCESS method=Testcase2.tc2()[pri:0, instance:com.automationscrpit.Testcase2@4de4b452] output={null}]]]>
              </value>
            </param>
          </params>
          <reporter-output>
          </reporter-output>
        </test-method> <!-- closeapp -->
      </class> <!-- com.automationscrpit.Testcase2 -->
      <class name="com.automationscrpit.Testcase3">
        <test-method is-config="true" signature="openapp()[pri:0, instance:com.automationscrpit.Testcase3@3b6ddd1d]" started-at="2022-12-29T13:23:37 IST" name="openapp" finished-at="2022-12-29T13:23:43 IST" duration-ms="6589" status="PASS">
          <reporter-output>
          </reporter-output>
        </test-method> <!-- openapp -->
        <test-method signature="tc3()[pri:0, instance:com.automationscrpit.Testcase3@3b6ddd1d]" started-at="2022-12-29T13:23:43 IST" name="tc3" finished-at="2022-12-29T13:23:54 IST" duration-ms="10683" status="PASS">
          <reporter-output>
          </reporter-output>
        </test-method> <!-- tc3 -->
        <test-method is-config="true" signature="closeapp(org.testng.ITestResult)[pri:0, instance:com.automationscrpit.Testcase3@3b6ddd1d]" started-at="2022-12-29T13:23:54 IST" name="closeapp" finished-at="2022-12-29T13:23:54 IST" duration-ms="366" status="PASS">
          <params>
            <param index="0">
              <value>
                <![CDATA[[TestResult name=tc3 status=SUCCESS method=Testcase3.tc3()[pri:0, instance:com.automationscrpit.Testcase3@3b6ddd1d] output={null}]]]>
              </value>
            </param>
          </params>
          <reporter-output>
          </reporter-output>
        </test-method> <!-- closeapp -->
      </class> <!-- com.automationscrpit.Testcase3 -->
    </test> <!-- Test -->
  </suite> <!-- Suite -->
</testng-results>
